Using pre-set license
Built from '2020.3/staging' branch; Version is '2020.3.17f1 (a4537701e4ab) revision 10769271'; Using compiler version '192528614'; Build Type 'Release'
OS: 'Windows 10 Pro; OS build 19043.1288; Version 2009; 64bit' Language: 'en' Physical Memory: 16346 MB
BatchMode: 1, IsHumanControllingUs: 0, StartBugReporterOnCrash: 0, Is64bit: 1, IsPro: 0

COMMAND LINE ARGUMENTS:
C:\Program Files\Unity\Hub\Editor\2020.3.17f1\Editor\Unity.exe
-adb2
-batchMode
-noUpm
-name
AssetImportWorker0
-projectPath
C:/Users/user/Desktop/Jiefu-Driving-Simulator
-logFile
Logs/AssetImportWorker0.log
-srvPort
64960
Successfully changed project path to: C:/Users/user/Desktop/Jiefu-Driving-Simulator
C:/Users/user/Desktop/Jiefu-Driving-Simulator
Using Asset Import Pipeline V2.
Refreshing native plugins compatible for Editor in 133.74 ms, found 5 plugins.
Preloading 0 native plugins for Editor in 0.00 ms.
Initialize engine version: 2020.3.17f1 (a4537701e4ab)
[Subsystems] Discovering subsystems at path C:/Program Files/Unity/Hub/Editor/2020.3.17f1/Editor/Data/Resources/UnitySubsystems
[Subsystems] Discovering subsystems at path C:/Users/user/Desktop/Jiefu-Driving-Simulator/Assets
GfxDevice: creating device client; threaded=0
Direct3D:
    Version:  Direct3D 11.0 [level 11.1]
    Renderer: NVIDIA GeForce GTX 1650 (ID=0x1f82)
    Vendor:   
    VRAM:     3962 MB
    Driver:   30.0.14.7196
Initialize mono
Mono path[0] = 'C:/Program Files/Unity/Hub/Editor/2020.3.17f1/Editor/Data/Managed'
Mono path[1] = 'C:/Program Files/Unity/Hub/Editor/2020.3.17f1/Editor/Data/MonoBleedingEdge/lib/mono/unityjit'
Mono config path = 'C:/Program Files/Unity/Hub/Editor/2020.3.17f1/Editor/Data/MonoBleedingEdge/etc'
Using monoOptions --debugger-agent=transport=dt_socket,embedding=1,server=y,suspend=n,address=127.0.0.1:56716
Begin MonoManager ReloadAssembly
Registering precompiled unity dll's ...
Register platform support module: C:/Program Files/Unity/Hub/Editor/2020.3.17f1/Editor/Data/PlaybackEngines/WindowsStandaloneSupport/UnityEditor.WindowsStandalone.Extensions.dll
Registered in 0.001513 seconds.
Native extension for WindowsStandalone target not found
Refreshing native plugins compatible for Editor in 101.68 ms, found 5 plugins.
Preloading 0 native plugins for Editor in 0.00 ms.
Mono: successfully reloaded assembly
- Completed reload, in  1.754 seconds
Domain Reload Profiling:
	ReloadAssembly (1754ms)
		BeginReloadAssembly (55ms)
			ExecutionOrderSort (0ms)
			DisableScriptedObjects (0ms)
			BackupInstance (0ms)
			ReleaseScriptingObjects (0ms)
			CreateAndSetChildDomain (1ms)
		EndReloadAssembly (487ms)
			LoadAssemblies (51ms)
			RebuildTransferFunctionScriptingTraits (0ms)
			SetupTypeCache (153ms)
			ReleaseScriptCaches (0ms)
			RebuildScriptCaches (32ms)
			SetupLoadedEditorAssemblies (236ms)
				LogAssemblyErrors (0ms)
				InitializePlatformSupportModulesInManaged (4ms)
				SetLoadedEditorAssemblies (0ms)
				RefreshPlugins (102ms)
				BeforeProcessingInitializeOnLoad (9ms)
				ProcessInitializeOnLoadAttributes (91ms)
				ProcessInitializeOnLoadMethodAttributes (30ms)
				AfterProcessingInitializeOnLoad (0ms)
				EditorAssembliesLoaded (0ms)
			ExecutionOrderSort2 (0ms)
			AwakeInstancesAfterBackupRestoration (0ms)
Platform modules already initialized, skipping
Registering precompiled user dll's ...
Registered in 0.006805 seconds.
Begin MonoManager ReloadAssembly
Native extension for WindowsStandalone target not found
Refreshing native plugins compatible for Editor in 1.15 ms, found 5 plugins.
Preloading 0 native plugins for Editor in 0.00 ms.
Mono: successfully reloaded assembly
- Completed reload, in  1.264 seconds
Domain Reload Profiling:
	ReloadAssembly (1265ms)
		BeginReloadAssembly (174ms)
			ExecutionOrderSort (0ms)
			DisableScriptedObjects (5ms)
			BackupInstance (0ms)
			ReleaseScriptingObjects (0ms)
			CreateAndSetChildDomain (23ms)
		EndReloadAssembly (1012ms)
			LoadAssemblies (105ms)
			RebuildTransferFunctionScriptingTraits (0ms)
			SetupTypeCache (305ms)
			ReleaseScriptCaches (0ms)
			RebuildScriptCaches (62ms)
			SetupLoadedEditorAssemblies (440ms)
				LogAssemblyErrors (0ms)
				InitializePlatformSupportModulesInManaged (5ms)
				SetLoadedEditorAssemblies (1ms)
				RefreshPlugins (1ms)
				BeforeProcessingInitializeOnLoad (62ms)
				ProcessInitializeOnLoadAttributes (358ms)
				ProcessInitializeOnLoadMethodAttributes (6ms)
				AfterProcessingInitializeOnLoad (6ms)
				EditorAssembliesLoaded (0ms)
			ExecutionOrderSort2 (0ms)
			AwakeInstancesAfterBackupRestoration (9ms)
Platform modules already initialized, skipping
========================================================================
Worker process is ready to serve import requests
Launched and connected shader compiler UnityShaderCompiler.exe after 0.05 seconds
Refreshing native plugins compatible for Editor in 1.14 ms, found 5 plugins.
Preloading 0 native plugins for Editor in 0.00 ms.
Unloading 1844 Unused Serialized files (Serialized files now loaded: 0)
System memory in use before: 107.9 MB.
System memory in use after: 107.4 MB.

Unloading 31 unused Assets to reduce memory usage. Loaded Objects now: 2398.
Total: 3.316500 ms (FindLiveObjects: 0.209800 ms CreateObjectMapping: 0.080700 ms MarkObjects: 2.730700 ms  DeleteObjects: 0.293700 ms)

AssetImportParameters requested are different than current active one (requested -> active):
  custom:framework-win-MediaFoundation: 216162199b28c13a410421893ffa2e32 -> 
  custom:video-decoder-ogg-theora: a1e56fd34408186e4bbccfd4996cb3dc -> 
  custom:container-muxer-webm: aa71ff27fc2769a1b78a27578f13a17b -> 
  custom:container-demuxer-webm: 4f35f7cbe854078d1ac9338744f61a02 -> 
  custom:container-demuxer-ogg: 62fdf1f143b41e24485cea50d1cbac27 -> 
  custom:video-encoder-webm-vp8: eb34c28f22e8b96e1ab97ce403110664 -> 
  custom:video-decoder-webm-vp8: 9c59270c3fd7afecdb556c50c9e8de78 -> 
  custom:audio-decoder-ogg-vorbis: bf7c407c2cedff20999df2af8eb42d56 -> 
  custom:audio-encoder-webm-vorbis: bf7c407c2cedff20999df2af8eb42d56 -> 
========================================================================
Received Import Request.
  path: Assets/Sounds/JeepEngine2.wav
  artifactKey: Guid(d89821235744cf540922c0edfa6d1ae9) Importer(815301076,1909f56bfc062723c751e8b465ee728b)
Start importing Assets/Sounds/JeepEngine2.wav using Guid(d89821235744cf540922c0edfa6d1ae9) Importer(815301076,1909f56bfc062723c751e8b465ee728b)  -> (artifact id: 'e1daa3013083ea6949d6bc45c970d8ac') in 0.136926 seconds 
  Import took 0.141324 seconds .

========================================================================
Received Import Request.
  Time since last request: 0.000221 seconds.
  path: Assets/Sounds/hood impact 7.wav
  artifactKey: Guid(dce9c209a7e128c418f4ea8194551ef3) Importer(815301076,1909f56bfc062723c751e8b465ee728b)
Start importing Assets/Sounds/hood impact 7.wav using Guid(dce9c209a7e128c418f4ea8194551ef3) Importer(815301076,1909f56bfc062723c751e8b465ee728b)  -> (artifact id: '41c5fdaebd8d8e818bcdcb787253f1da') in 0.025224 seconds 
  Import took 0.030062 seconds .

========================================================================
Received Import Request.
  Time since last request: 0.000371 seconds.
  path: Assets/Sounds/gravel loop 1.aiff
  artifactKey: Guid(14fe83e52adc2ad4f95b92d41c6e5d5d) Importer(815301076,1909f56bfc062723c751e8b465ee728b)
Start importing Assets/Sounds/gravel loop 1.aiff using Guid(14fe83e52adc2ad4f95b92d41c6e5d5d) Importer(815301076,1909f56bfc062723c751e8b465ee728b)  -> (artifact id: '460d7d9bb05ff9a5ad984b3d802f50d0') in 0.154729 seconds 
  Import took 0.157976 seconds .

========================================================================
Received Import Request.
  Time since last request: 0.000171 seconds.
  path: Assets/Sounds/engine 3.wav
  artifactKey: Guid(4ab2c06defefd5848aa0e30c06dda227) Importer(815301076,1909f56bfc062723c751e8b465ee728b)
Start importing Assets/Sounds/engine 3.wav using Guid(4ab2c06defefd5848aa0e30c06dda227) Importer(815301076,1909f56bfc062723c751e8b465ee728b)  -> (artifact id: '317c8956bd0a16eb002b2b46a3510b8d') in 0.027315 seconds 
  Import took 0.030952 seconds .

========================================================================
Received Import Request.
  Time since last request: 0.000342 seconds.
  path: Assets/Sounds/truck engine.wav
  artifactKey: Guid(14fefc0835e6151498336f4305def7af) Importer(815301076,1909f56bfc062723c751e8b465ee728b)
Start importing Assets/Sounds/truck engine.wav using Guid(14fefc0835e6151498336f4305def7af) Importer(815301076,1909f56bfc062723c751e8b465ee728b)  -> (artifact id: '72463bd37efff056167a7f7f6db4d525') in 0.056048 seconds 
  Import took 0.059809 seconds .

========================================================================
Received Import Request.
  Time since last request: 0.000183 seconds.
  path: Assets/Sounds/8000-clickfix.wav
  artifactKey: Guid(f95d655f8d27beb4bb8ccb34e49e1794) Importer(815301076,1909f56bfc062723c751e8b465ee728b)
Start importing Assets/Sounds/8000-clickfix.wav using Guid(f95d655f8d27beb4bb8ccb34e49e1794) Importer(815301076,1909f56bfc062723c751e8b465ee728b)  -> (artifact id: '7e9d2f28d3c9630b9e79f9acd6a719c9') in 0.051910 seconds 
  Import took 0.055120 seconds .

========================================================================
Received Import Request.
  Time since last request: 0.000189 seconds.
  path: Assets/Sounds/bus engine.wav
  artifactKey: Guid(c90e67e3cec7b5b4c918a0a934814449) Importer(815301076,1909f56bfc062723c751e8b465ee728b)
Start importing Assets/Sounds/bus engine.wav using Guid(c90e67e3cec7b5b4c918a0a934814449) Importer(815301076,1909f56bfc062723c751e8b465ee728b)  -> (artifact id: '244c0e12438d6eac1b7d089879452f76') in 0.019879 seconds 
  Import took 0.025259 seconds .

========================================================================
Received Import Request.
  Time since last request: 0.000171 seconds.
  path: Assets/Sounds/skid loop 4.wav
  artifactKey: Guid(88fb3c969961506448cec71addf71063) Importer(815301076,1909f56bfc062723c751e8b465ee728b)
Start importing Assets/Sounds/skid loop 4.wav using Guid(88fb3c969961506448cec71addf71063) Importer(815301076,1909f56bfc062723c751e8b465ee728b)  -> (artifact id: 'fd386ae12bfe6a873f06c6f42ac8a65f') in 0.022409 seconds 
  Import took 0.027585 seconds .

========================================================================
Received Import Request.
  Time since last request: 0.000165 seconds.
  path: Assets/Sounds/1Engine.wav
  artifactKey: Guid(432e5b3ac0a48c84a9f22eb19c27ea48) Importer(815301076,1909f56bfc062723c751e8b465ee728b)
Start importing Assets/Sounds/1Engine.wav using Guid(432e5b3ac0a48c84a9f22eb19c27ea48) Importer(815301076,1909f56bfc062723c751e8b465ee728b)  -> (artifact id: '2a45f6850b767e49b8adfb47bef32d51') in 0.028034 seconds 
  Import took 0.032131 seconds .

========================================================================
Received Import Request.
  Time since last request: 0.000181 seconds.
  path: Assets/Sounds/engine 2.wav
  artifactKey: Guid(87cfab5c11b35824589a68876a469f4f) Importer(815301076,1909f56bfc062723c751e8b465ee728b)
Start importing Assets/Sounds/engine 2.wav using Guid(87cfab5c11b35824589a68876a469f4f) Importer(815301076,1909f56bfc062723c751e8b465ee728b)  -> (artifact id: '227bdcc7506f02469f4cb88161417c30') in 0.061079 seconds 
  Import took 0.064759 seconds .

========================================================================
Received Import Request.
  Time since last request: 0.000192 seconds.
  path: Assets/Sounds/tire impact low.aiff
  artifactKey: Guid(9fdd0628076d3814e86ec3eb4042e39a) Importer(815301076,1909f56bfc062723c751e8b465ee728b)
Start importing Assets/Sounds/tire impact low.aiff using Guid(9fdd0628076d3814e86ec3eb4042e39a) Importer(815301076,1909f56bfc062723c751e8b465ee728b)  -> (artifact id: '37ec8cd94cd68085bb69a9455d3bf5d7') in 0.020646 seconds 
  Import took 0.024669 seconds .

========================================================================
Received Import Request.
  Time since last request: 0.000164 seconds.
  path: Assets/Sounds/Car Driving Sound Effect_160k.mp3
  artifactKey: Guid(4b748524040fbca4c8520598f2e71e52) Importer(815301076,1909f56bfc062723c751e8b465ee728b)
Start importing Assets/Sounds/Car Driving Sound Effect_160k.mp3 using Guid(4b748524040fbca4c8520598f2e71e52) Importer(815301076,1909f56bfc062723c751e8b465ee728b)  -> (artifact id: 'a879b71c455ffe2ddf7a2ee03c72f63a') in 0.023615 seconds 
  Import took 0.028934 seconds .

========================================================================
Received Import Request.
  Time since last request: 0.000199 seconds.
  path: Assets/Sounds/hood impact 8a.aiff
  artifactKey: Guid(7b7ce714cae6f3f4482b5f16c9cf2f7a) Importer(815301076,1909f56bfc062723c751e8b465ee728b)
Start importing Assets/Sounds/hood impact 8a.aiff using Guid(7b7ce714cae6f3f4482b5f16c9cf2f7a) Importer(815301076,1909f56bfc062723c751e8b465ee728b)  -> (artifact id: 'a35b70757aa04d5af9d07ce9b5344b72') in 0.021822 seconds 
  Import took 0.026242 seconds .

========================================================================
Received Import Request.
  Time since last request: 0.000185 seconds.
  path: Assets/Sounds/scrape loop 8.aiff
  artifactKey: Guid(d3b2758fb719f0a4f931d4c750f4340b) Importer(815301076,1909f56bfc062723c751e8b465ee728b)
Start importing Assets/Sounds/scrape loop 8.aiff using Guid(d3b2758fb719f0a4f931d4c750f4340b) Importer(815301076,1909f56bfc062723c751e8b465ee728b)  -> (artifact id: '64d2866f995f725c61764d401ead1950') in 0.022637 seconds 
  Import took 0.030006 seconds .

========================================================================
Received Import Request.
  Time since last request: 0.000190 seconds.
  path: Assets/Sounds/scrape loop 4.aiff
  artifactKey: Guid(6698528b03f6bbc4bbc8b5e65c8fc035) Importer(815301076,1909f56bfc062723c751e8b465ee728b)
Start importing Assets/Sounds/scrape loop 4.aiff using Guid(6698528b03f6bbc4bbc8b5e65c8fc035) Importer(815301076,1909f56bfc062723c751e8b465ee728b)  -> (artifact id: '3e275e1c0356d68917b4832e80b8f6d5') in 0.022293 seconds 
  Import took 0.026151 seconds .

========================================================================
Received Import Request.
  Time since last request: 0.000172 seconds.
  path: Assets/Sounds/Car Engine Run 01.wav
  artifactKey: Guid(affc9cd616451fc4296c61402b217dd1) Importer(815301076,1909f56bfc062723c751e8b465ee728b)
Start importing Assets/Sounds/Car Engine Run 01.wav using Guid(affc9cd616451fc4296c61402b217dd1) Importer(815301076,1909f56bfc062723c751e8b465ee728b)  -> (artifact id: 'b0acfa74976a4736d96e22e2c9e95748') in 0.017443 seconds 
  Import took 0.021219 seconds .

========================================================================
Received Import Request.
  Time since last request: 0.000198 seconds.
  path: Assets/Sounds/metal scratch.aiff
  artifactKey: Guid(1ed85193406fdfa478e788c63f5d4435) Importer(815301076,1909f56bfc062723c751e8b465ee728b)
Start importing Assets/Sounds/metal scratch.aiff using Guid(1ed85193406fdfa478e788c63f5d4435) Importer(815301076,1909f56bfc062723c751e8b465ee728b)  -> (artifact id: '2234c1e9e74ed494b25bcceefc0bc811') in 0.019450 seconds 
  Import took 0.024534 seconds .

========================================================================
Received Import Request.
  Time since last request: 0.000184 seconds.
  path: Assets/Sounds/gearwhine.wav
  artifactKey: Guid(3073ce7ec5852dc4f84e0d91b4cf71de) Importer(815301076,1909f56bfc062723c751e8b465ee728b)
Start importing Assets/Sounds/gearwhine.wav using Guid(3073ce7ec5852dc4f84e0d91b4cf71de) Importer(815301076,1909f56bfc062723c751e8b465ee728b)  -> (artifact id: '56979290e57742697808869c6fd2c19d') in 0.029947 seconds 
  Import took 0.034182 seconds .

========================================================================
Received Import Request.
  Time since last request: 0.000297 seconds.
  path: Assets/Sounds/Jeep Engine.mp3
  artifactKey: Guid(7a346000a8691f74db55d8fe1cc43ab7) Importer(815301076,1909f56bfc062723c751e8b465ee728b)
Start importing Assets/Sounds/Jeep Engine.mp3 using Guid(7a346000a8691f74db55d8fe1cc43ab7) Importer(815301076,1909f56bfc062723c751e8b465ee728b)  -> (artifact id: 'af42e14971b3cf614c08456d27f401ae') in 0.027439 seconds 
  Import took 0.032071 seconds .

========================================================================
Received Import Request.
  Time since last request: 0.000212 seconds.
  path: Assets/Sounds/wind_ext.wav
  artifactKey: Guid(bf920493c37965242bf26a3a6bcad8bd) Importer(815301076,1909f56bfc062723c751e8b465ee728b)
Start importing Assets/Sounds/wind_ext.wav using Guid(bf920493c37965242bf26a3a6bcad8bd) Importer(815301076,1909f56bfc062723c751e8b465ee728b)  -> (artifact id: '106b9e98f11962a4f51720a88e887ee4') in 0.029686 seconds 
  Import took 0.033961 seconds .

========================================================================
Received Import Request.
  Time since last request: 0.000269 seconds.
  path: Assets/Sounds/JeepEngine3.wav
  artifactKey: Guid(9f38dc8a8007ac24ba4ef4cf3b5aaeb4) Importer(815301076,1909f56bfc062723c751e8b465ee728b)
Start importing Assets/Sounds/JeepEngine3.wav using Guid(9f38dc8a8007ac24ba4ef4cf3b5aaeb4) Importer(815301076,1909f56bfc062723c751e8b465ee728b)  -> (artifact id: '75a32f860dd372c05440d03739026425') in 0.023904 seconds 
  Import took 0.027641 seconds .

========================================================================
Received Import Request.
  Time since last request: 0.000182 seconds.
  path: Assets/Sounds/horn.wav
  artifactKey: Guid(b5fc809c0ded1b04586aef627daacd42) Importer(815301076,1909f56bfc062723c751e8b465ee728b)
Start importing Assets/Sounds/horn.wav using Guid(b5fc809c0ded1b04586aef627daacd42) Importer(815301076,1909f56bfc062723c751e8b465ee728b)  -> (artifact id: 'be90134e31242f402a6592018a9d59a2') in 0.020299 seconds 
  Import took 0.024310 seconds .

========================================================================
Received Import Request.
  Time since last request: 0.000183 seconds.
  path: Assets/Sounds/engine loop.wav
  artifactKey: Guid(2b62386b639ddd04ab810dface48e213) Importer(815301076,1909f56bfc062723c751e8b465ee728b)
Start importing Assets/Sounds/engine loop.wav using Guid(2b62386b639ddd04ab810dface48e213) Importer(815301076,1909f56bfc062723c751e8b465ee728b)  -> (artifact id: '41cb9dbf34a34475a69876235eca6557') in 0.021043 seconds 
  Import took 0.027526 seconds .

========================================================================
Received Import Request.
  Time since last request: 0.000208 seconds.
  path: Assets/Sounds/tire impact mid.aiff
  artifactKey: Guid(b6df6d6712f782b46893a4fffd557b88) Importer(815301076,1909f56bfc062723c751e8b465ee728b)
Start importing Assets/Sounds/tire impact mid.aiff using Guid(b6df6d6712f782b46893a4fffd557b88) Importer(815301076,1909f56bfc062723c751e8b465ee728b)  -> (artifact id: '8f7bd5ffc16fb06ca73034152799cdb1') in 0.023022 seconds 
  Import took 0.027904 seconds .

========================================================================
Received Import Request.
  Time since last request: 0.000191 seconds.
  path: Assets/Sounds/turbo.wav
  artifactKey: Guid(eab8b61ac8e17234f9384cb1f68f4057) Importer(815301076,1909f56bfc062723c751e8b465ee728b)
Start importing Assets/Sounds/turbo.wav using Guid(eab8b61ac8e17234f9384cb1f68f4057) Importer(815301076,1909f56bfc062723c751e8b465ee728b)  -> (artifact id: 'ee02ab832b4c14a4db1b671f481af3f7') in 0.021852 seconds 
  Import took 0.026922 seconds .

========================================================================
Received Import Request.
  Time since last request: 8.021727 seconds.
  path: Assets/Scenes/Level 3 J.unity
  artifactKey: Guid(ff358fadc9682d5418792e797947b7d9) Importer(815301076,1909f56bfc062723c751e8b465ee728b)
Start importing Assets/Scenes/Level 3 J.unity using Guid(ff358fadc9682d5418792e797947b7d9) Importer(815301076,1909f56bfc062723c751e8b465ee728b)  -> (artifact id: '89ae05d84152a2419deda08f9a808266') in 0.009709 seconds 
  Import took 0.014105 seconds .

========================================================================
Received Import Request.
  Time since last request: 2.483847 seconds.
  path: Assets/Scenes/Level 4 J.unity
  artifactKey: Guid(f2f0ceeccbfa19a4d842552fb608595b) Importer(815301076,1909f56bfc062723c751e8b465ee728b)
Start importing Assets/Scenes/Level 4 J.unity using Guid(f2f0ceeccbfa19a4d842552fb608595b) Importer(815301076,1909f56bfc062723c751e8b465ee728b)  -> (artifact id: '7a9393c14d4afcc557bd347a317909bb') in 0.008305 seconds 
  Import took 0.011806 seconds .

========================================================================
Received Prepare
Registering precompiled user dll's ...
Registered in 0.007348 seconds.
Begin MonoManager ReloadAssembly
Native extension for WindowsStandalone target not found
Refreshing native plugins compatible for Editor in 0.96 ms, found 5 plugins.
Preloading 0 native plugins for Editor in 0.00 ms.
Mono: successfully reloaded assembly
- Completed reload, in  1.268 seconds
Domain Reload Profiling:
	ReloadAssembly (1268ms)
		BeginReloadAssembly (130ms)
			ExecutionOrderSort (0ms)
			DisableScriptedObjects (5ms)
			BackupInstance (0ms)
			ReleaseScriptingObjects (0ms)
			CreateAndSetChildDomain (35ms)
		EndReloadAssembly (1056ms)
			LoadAssemblies (136ms)
			RebuildTransferFunctionScriptingTraits (1ms)
			SetupTypeCache (324ms)
			ReleaseScriptCaches (1ms)
			RebuildScriptCaches (46ms)
			SetupLoadedEditorAssemblies (443ms)
				LogAssemblyErrors (0ms)
				InitializePlatformSupportModulesInManaged (5ms)
				SetLoadedEditorAssemblies (0ms)
				RefreshPlugins (1ms)
				BeforeProcessingInitializeOnLoad (52ms)
				ProcessInitializeOnLoadAttributes (375ms)
				ProcessInitializeOnLoadMethodAttributes (4ms)
				AfterProcessingInitializeOnLoad (5ms)
				EditorAssembliesLoaded (0ms)
			ExecutionOrderSort2 (0ms)
			AwakeInstancesAfterBackupRestoration (8ms)
Platform modules already initialized, skipping
Switching build target platform(19) subTarget(0) extendedPlatform(0) -> platform(13) subTarget(65536) extendedPlatform(0)
Refreshing native plugins compatible for Editor in 1.11 ms, found 5 plugins.
Preloading 0 native plugins for Editor in 0.00 ms.
Unloading 1791 Unused Serialized files (Serialized files now loaded: 0)
System memory in use before: 105.1 MB.
System memory in use after: 104.6 MB.

Unloading 26 unused Assets to reduce memory usage. Loaded Objects now: 2409.
Total: 2.945300 ms (FindLiveObjects: 0.190100 ms CreateObjectMapping: 0.070000 ms MarkObjects: 2.472000 ms  DeleteObjects: 0.212000 ms)

AssetImportParameters requested are different than current active one (requested -> active):
  custom:framework-win-MediaFoundation: 216162199b28c13a410421893ffa2e32 -> 
  custom:video-decoder-ogg-theora: a1e56fd34408186e4bbccfd4996cb3dc -> 
  custom:container-muxer-webm: aa71ff27fc2769a1b78a27578f13a17b -> 
  custom:container-demuxer-webm: 4f35f7cbe854078d1ac9338744f61a02 -> 
  custom:container-demuxer-ogg: 62fdf1f143b41e24485cea50d1cbac27 -> 
  custom:video-encoder-webm-vp8: eb34c28f22e8b96e1ab97ce403110664 -> 
  custom:video-decoder-webm-vp8: 9c59270c3fd7afecdb556c50c9e8de78 -> 
  custom:graphics/normal-map-encoding: 01000000000000000000000000000000 -> 02000000000000000000000000000000
  custom:audio-decoder-ogg-vorbis: bf7c407c2cedff20999df2af8eb42d56 -> 
  custom:audio-encoder-webm-vorbis: bf7c407c2cedff20999df2af8eb42d56 -> 
========================================================================
Received Import Request.
  Time since last request: 432.888950 seconds.
  path: Assets/Vehicle Physics Pro/Scenes/UI/Textures/1px Line.png
  artifactKey: Guid(8eb4180fc7dd6e84cbb78f6fc5fbcfe6) Importer(815301076,1909f56bfc062723c751e8b465ee728b)
Start importing Assets/Vehicle Physics Pro/Scenes/UI/Textures/1px Line.png using Guid(8eb4180fc7dd6e84cbb78f6fc5fbcfe6) Importer(815301076,1909f56bfc062723c751e8b465ee728b)  -> (artifact id: '519537f1d1acf14e78cad2410f27b6f0') in 0.097549 seconds 
  Import took 0.102182 seconds .

========================================================================
Received Import Request.
  Time since last request: 0.000179 seconds.
  path: Assets/Vehicle Physics Pro/Scenes/UI/Textures/2px Line.png
  artifactKey: Guid(cfdc5cb07eb442e428874f79d22d747f) Importer(815301076,1909f56bfc062723c751e8b465ee728b)
Start importing Assets/Vehicle Physics Pro/Scenes/UI/Textures/2px Line.png using Guid(cfdc5cb07eb442e428874f79d22d747f) Importer(815301076,1909f56bfc062723c751e8b465ee728b)  -> (artifact id: '2942a8cdbff880a0a2940ddc78d8d5fa') in 0.024587 seconds 
  Import took 0.029668 seconds .

========================================================================
Received Import Request.
  Time since last request: 0.000177 seconds.
  path: Assets/Vehicle Physics Pro/Scenes/UI/Textures/4px Line.png
  artifactKey: Guid(a5a920a2072cd1344b759ccdebd0df00) Importer(815301076,1909f56bfc062723c751e8b465ee728b)
Start importing Assets/Vehicle Physics Pro/Scenes/UI/Textures/4px Line.png using Guid(a5a920a2072cd1344b759ccdebd0df00) Importer(815301076,1909f56bfc062723c751e8b465ee728b)  -> (artifact id: '420b209ef48f8a32c0ae444e4d1fa7e4') in 0.077331 seconds 
  Import took 0.081737 seconds .

========================================================================
Received Import Request.
  Time since last request: 0.000183 seconds.
  path: Assets/Vehicle Physics Pro/Scenes/UI/Textures/3px Line.png
  artifactKey: Guid(1e82dff8553f81b41aa425879ee88366) Importer(815301076,1909f56bfc062723c751e8b465ee728b)
Start importing Assets/Vehicle Physics Pro/Scenes/UI/Textures/3px Line.png using Guid(1e82dff8553f81b41aa425879ee88366) Importer(815301076,1909f56bfc062723c751e8b465ee728b)  -> (artifact id: '691152427aae60cc50fdca07acfa1959') in 0.027556 seconds 
  Import took 0.031233 seconds .

========================================================================
Received Import Request.
  Time since last request: 334.524736 seconds.
  path: Assets/CS - Signs Free/Textures/EndOfSpeedLimit.png
  artifactKey: Guid(3def19c9dd754fa48a9ffebe572efbe9) Importer(815301076,1909f56bfc062723c751e8b465ee728b)
Start importing Assets/CS - Signs Free/Textures/EndOfSpeedLimit.png using Guid(3def19c9dd754fa48a9ffebe572efbe9) Importer(815301076,1909f56bfc062723c751e8b465ee728b)  -> (artifact id: '0c0b4f4e5276869a4c4068b5a4223e40') in 0.047869 seconds 
  Import took 0.051839 seconds .

========================================================================
Received Import Request.
  Time since last request: 461.629237 seconds.
  path: Assets/CityResources/Skyline Volume 1/Models/Materials/Industrial_Pallet_SingleMat.mat
  artifactKey: Guid(3b8e142b7840f5947a3ef7223881f4a8) Importer(815301076,1909f56bfc062723c751e8b465ee728b)
Start importing Assets/CityResources/Skyline Volume 1/Models/Materials/Industrial_Pallet_SingleMat.mat using Guid(3b8e142b7840f5947a3ef7223881f4a8) Importer(815301076,1909f56bfc062723c751e8b465ee728b)  -> (artifact id: '92109424f1e1685ba8793be2fb7363b9') in 0.054767 seconds 
  Import took 0.058984 seconds .

========================================================================
Received Import Request.
  Time since last request: 0.000198 seconds.
  path: Assets/Open_Residential_Buildings/ORB_6/Prefabs/CompleteBuildings/ORB_6_L_Single.prefab
  artifactKey: Guid(a442a21a1d1d97f4f9fa38487d50e25d) Importer(815301076,1909f56bfc062723c751e8b465ee728b)
Start importing Assets/Open_Residential_Buildings/ORB_6/Prefabs/CompleteBuildings/ORB_6_L_Single.prefab using Guid(a442a21a1d1d97f4f9fa38487d50e25d) Importer(815301076,1909f56bfc062723c751e8b465ee728b)  -> (artifact id: '2ea3beed80023cdaaf071ff713d93db3') in 0.674446 seconds 
  Import took 0.680684 seconds .

========================================================================
Received Import Request.
  Time since last request: 0.000179 seconds.
  path: Assets/CityResources/Skyline Volume 1/Models/Materials/RR_CrossingMat.mat
  artifactKey: Guid(d6edc654712e6f54cb79c047d34e25ac) Importer(815301076,1909f56bfc062723c751e8b465ee728b)
Start importing Assets/CityResources/Skyline Volume 1/Models/Materials/RR_CrossingMat.mat using Guid(d6edc654712e6f54cb79c047d34e25ac) Importer(815301076,1909f56bfc062723c751e8b465ee728b)  -> (artifact id: '105b10364e5a4af7eb9b2b9a7830f546') in 0.022027 seconds 
  Import took 0.026223 seconds .

========================================================================
Received Import Request.
  Time since last request: 0.000192 seconds.
  path: Assets/Open_Residential_Buildings/ORB_5/Prefabs/CompleteBuildings/ORB_5_single_R.prefab
  artifactKey: Guid(1ba567bffdcc2da42959c82f32d9da51) Importer(815301076,1909f56bfc062723c751e8b465ee728b)
Start importing Assets/Open_Residential_Buildings/ORB_5/Prefabs/CompleteBuildings/ORB_5_single_R.prefab using Guid(1ba567bffdcc2da42959c82f32d9da51) Importer(815301076,1909f56bfc062723c751e8b465ee728b)  -> (artifact id: 'a2e500b6d4451261c9713c36aee7acf6') in 0.249330 seconds 
  Import took 0.256009 seconds .

========================================================================
Received Import Request.
  Time since last request: 0.000154 seconds.
  path: Assets/Open_Residential_Buildings/ORB_5/Prefabs/CompleteBuildings/ORB_5_single_R_10S.prefab
  artifactKey: Guid(c738fbc616ed0934b80e2f6217f3bba5) Importer(815301076,1909f56bfc062723c751e8b465ee728b)
Start importing Assets/Open_Residential_Buildings/ORB_5/Prefabs/CompleteBuildings/ORB_5_single_R_10S.prefab using Guid(c738fbc616ed0934b80e2f6217f3bba5) Importer(815301076,1909f56bfc062723c751e8b465ee728b)  -> (artifact id: 'd09ec8913e5d1eb3bf958cba00f45bad') in 0.181639 seconds 
  Import took 0.190316 seconds .

========================================================================
Received Import Request.
  Time since last request: 0.000169 seconds.
  path: Assets/Open_Residential_Buildings/ORB_6/Prefabs/CompleteBuildings/ORB_6_R_Single.prefab
  artifactKey: Guid(9f515e06eeb72204dacd4456d13f96d3) Importer(815301076,1909f56bfc062723c751e8b465ee728b)
Start importing Assets/Open_Residential_Buildings/ORB_6/Prefabs/CompleteBuildings/ORB_6_R_Single.prefab using Guid(9f515e06eeb72204dacd4456d13f96d3) Importer(815301076,1909f56bfc062723c751e8b465ee728b)  -> (artifact id: '2a390bff743917a11dd86a6bc2e1a842') in 0.468427 seconds 
  Import took 0.483163 seconds .

========================================================================
Received Import Request.
  Time since last request: 0.000518 seconds.
  path: Assets/Open_Residential_Buildings/ORB_6/Prefabs/CompleteBuildings/ORB_6_Middle_Single.prefab
  artifactKey: Guid(61a6cffeeb578134a877216d7091ca20) Importer(815301076,1909f56bfc062723c751e8b465ee728b)
Start importing Assets/Open_Residential_Buildings/ORB_6/Prefabs/CompleteBuildings/ORB_6_Middle_Single.prefab using Guid(61a6cffeeb578134a877216d7091ca20) Importer(815301076,1909f56bfc062723c751e8b465ee728b)  -> (artifact id: '7c3a4250fe632c74a12b90965b625971') in 0.294771 seconds 
  Import took 0.303858 seconds .

========================================================================
Received Import Request.
  Time since last request: 0.000213 seconds.
  path: Assets/Open_Residential_Buildings/ORB_5/Prefabs/CompleteBuildings/ORB_5_single_L.prefab
  artifactKey: Guid(15d5c106f8c259a4da7edc7e2dbce78f) Importer(815301076,1909f56bfc062723c751e8b465ee728b)
Start importing Assets/Open_Residential_Buildings/ORB_5/Prefabs/CompleteBuildings/ORB_5_single_L.prefab using Guid(15d5c106f8c259a4da7edc7e2dbce78f) Importer(815301076,1909f56bfc062723c751e8b465ee728b)  -> (artifact id: '552c87d49a44a0768555f5e3804294ef') in 0.125020 seconds 
  Import took 0.129549 seconds .

========================================================================
Received Import Request.
  Time since last request: 0.000211 seconds.
  path: Assets/Open_Residential_Buildings/ORB_5/Prefabs/CompleteBuildings/ORB_5_single_L_10S.prefab
  artifactKey: Guid(eb43bf4623a659f46963f4fe54ddc614) Importer(815301076,1909f56bfc062723c751e8b465ee728b)
Start importing Assets/Open_Residential_Buildings/ORB_5/Prefabs/CompleteBuildings/ORB_5_single_L_10S.prefab using Guid(eb43bf4623a659f46963f4fe54ddc614) Importer(815301076,1909f56bfc062723c751e8b465ee728b)  -> (artifact id: '8c89b1ceac4f7a8cc2178d0580c15509') in 0.121853 seconds 
  Import took 0.130095 seconds .

========================================================================
Received Import Request.
  Time since last request: 0.000217 seconds.
  path: Assets/Open_Residential_Buildings/ORB_2/Prefabs/CompleteBuilding/ORB_2_Single.prefab
  artifactKey: Guid(94bcf06d2ce66884689bf2c799526b8d) Importer(815301076,1909f56bfc062723c751e8b465ee728b)
Start importing Assets/Open_Residential_Buildings/ORB_2/Prefabs/CompleteBuilding/ORB_2_Single.prefab using Guid(94bcf06d2ce66884689bf2c799526b8d) Importer(815301076,1909f56bfc062723c751e8b465ee728b)  -> (artifact id: '7d158b4e02381959032ca06735d2c7bf') in 0.260878 seconds 
  Import took 0.269494 seconds .

========================================================================
Received Import Request.
  Time since last request: 2.125612 seconds.
  path: Assets/Traffic Essentials Asset Pack/Meshes/DiamondSign.fbx
  artifactKey: Guid(8c6cab87e3fbf475faa14887074d80b9) Importer(815301076,1909f56bfc062723c751e8b465ee728b)
Start importing Assets/Traffic Essentials Asset Pack/Meshes/DiamondSign.fbx using Guid(8c6cab87e3fbf475faa14887074d80b9) Importer(815301076,1909f56bfc062723c751e8b465ee728b)  -> (artifact id: '8d250f0146eb784ae865d5235cb11923') in 0.125868 seconds 
  Import took 0.131717 seconds .

========================================================================
Received Import Request.
  Time since last request: 0.000187 seconds.
  path: Assets/Traffic Essentials Asset Pack 1/Meshes/DiamondSign.fbx
  artifactKey: Guid(194016a977d8d1c4493100f966e02442) Importer(815301076,1909f56bfc062723c751e8b465ee728b)
Start importing Assets/Traffic Essentials Asset Pack 1/Meshes/DiamondSign.fbx using Guid(194016a977d8d1c4493100f966e02442) Importer(815301076,1909f56bfc062723c751e8b465ee728b)  -> (artifact id: 'f4b5cf306661b3559d1e45556aa108c3') in 0.115320 seconds 
  Import took 0.119274 seconds .

========================================================================
Received Import Request.
  Time since last request: 0.457396 seconds.
  path: Assets/CityResources/city/POLYGON city pack/Meshes,textures/Shops_FBX/Materials/Info_sign_01.mat
  artifactKey: Guid(b48635d2150e72b4b9122f09693e27a6) Importer(815301076,1909f56bfc062723c751e8b465ee728b)
Start importing Assets/CityResources/city/POLYGON city pack/Meshes,textures/Shops_FBX/Materials/Info_sign_01.mat using Guid(b48635d2150e72b4b9122f09693e27a6) Importer(815301076,1909f56bfc062723c751e8b465ee728b)  -> (artifact id: '5f820b5d0ba137c6a01c4a1d671780ae') in 0.032145 seconds 
  Import took 0.036934 seconds .

========================================================================
Received Import Request.
  Time since last request: 0.000289 seconds.
  path: Assets/CityResources/city/POLYGON city pack/Meshes,textures/Shops_FBX/Materials/Sign_02.mat
  artifactKey: Guid(ae8c59ee08e3b1546806795f27057347) Importer(815301076,1909f56bfc062723c751e8b465ee728b)
Start importing Assets/CityResources/city/POLYGON city pack/Meshes,textures/Shops_FBX/Materials/Sign_02.mat using Guid(ae8c59ee08e3b1546806795f27057347) Importer(815301076,1909f56bfc062723c751e8b465ee728b)  -> (artifact id: 'b030c202674e60c04bc399e57cc55656') in 0.021963 seconds 
  Import took 0.027249 seconds .

========================================================================
Received Import Request.
  Time since last request: 0.000186 seconds.
  path: Assets/CityResources/city/POLYGON city pack/Meshes,textures/Shops_FBX/Materials/Sign_big.mat
  artifactKey: Guid(e81637d1351d5b345b66d1b8af1fef83) Importer(815301076,1909f56bfc062723c751e8b465ee728b)
Start importing Assets/CityResources/city/POLYGON city pack/Meshes,textures/Shops_FBX/Materials/Sign_big.mat using Guid(e81637d1351d5b345b66d1b8af1fef83) Importer(815301076,1909f56bfc062723c751e8b465ee728b)  -> (artifact id: 'cc8d3db69a8f59a2cebcc30f7c4e3c13') in 0.025879 seconds 
  Import took 0.030027 seconds .

========================================================================
Received Import Request.
  Time since last request: 0.000193 seconds.
  path: Assets/CS - Signs Free/Prefabs/Small/Sign_2_Way_Street.prefab
  artifactKey: Guid(c07252de08dfb5941825bea813ba7f99) Importer(815301076,1909f56bfc062723c751e8b465ee728b)
Start importing Assets/CS - Signs Free/Prefabs/Small/Sign_2_Way_Street.prefab using Guid(c07252de08dfb5941825bea813ba7f99) Importer(815301076,1909f56bfc062723c751e8b465ee728b)  -> (artifact id: '3c0be1e680a365d357df944abc06808f') in 0.046729 seconds 
  Import took 0.050869 seconds .

========================================================================
Received Import Request.
  Time since last request: 0.000189 seconds.
  path: Assets/CityResources/city/POLYGON city pack/Materials/Material_meshs/Sign_ traffic 6.mat
  artifactKey: Guid(f798d719a656af348874a567a5e54242) Importer(815301076,1909f56bfc062723c751e8b465ee728b)
Start importing Assets/CityResources/city/POLYGON city pack/Materials/Material_meshs/Sign_ traffic 6.mat using Guid(f798d719a656af348874a567a5e54242) Importer(815301076,1909f56bfc062723c751e8b465ee728b)  -> (artifact id: 'b873dc216720334780c73d0f25167a1e') in 0.020169 seconds 
  Import took 0.025257 seconds .

========================================================================
Received Import Request.
  Time since last request: 0.000183 seconds.
  path: Assets/CityResources/city/POLYGON city pack/Meshes,textures/Shops_FBX/Materials/Info_sign_02.mat
  artifactKey: Guid(e331b1f033562c044b1c30e0d83b5977) Importer(815301076,1909f56bfc062723c751e8b465ee728b)
Start importing Assets/CityResources/city/POLYGON city pack/Meshes,textures/Shops_FBX/Materials/Info_sign_02.mat using Guid(e331b1f033562c044b1c30e0d83b5977) Importer(815301076,1909f56bfc062723c751e8b465ee728b)  -> (artifact id: '2bc010dae9d1d4ca4e0fa7e2f6f3452b') in 0.026670 seconds 
  Import took 0.030357 seconds .

========================================================================
Received Import Request.
  Time since last request: 0.000211 seconds.
  path: Assets/CityResources/Skyline Volume 1/Models/Materials/Sign_AltDriveMat.mat
  artifactKey: Guid(4dc8c36756a83f04ebf587c74c6a4fbb) Importer(815301076,1909f56bfc062723c751e8b465ee728b)
Start importing Assets/CityResources/Skyline Volume 1/Models/Materials/Sign_AltDriveMat.mat using Guid(4dc8c36756a83f04ebf587c74c6a4fbb) Importer(815301076,1909f56bfc062723c751e8b465ee728b)  -> (artifact id: 'a79ee227ee26d1c5882ecba08caa0309') in 0.039994 seconds 
  Import took 0.043523 seconds .

========================================================================
Received Import Request.
  Time since last request: 0.000218 seconds.
  path: Assets/CityResources/city/POLYGON city pack/Materials/Material_meshs/Sign_ traffic raod.mat
  artifactKey: Guid(1bf9a498b08aac042ac9add9b9a635cd) Importer(815301076,1909f56bfc062723c751e8b465ee728b)
Start importing Assets/CityResources/city/POLYGON city pack/Materials/Material_meshs/Sign_ traffic raod.mat using Guid(1bf9a498b08aac042ac9add9b9a635cd) Importer(815301076,1909f56bfc062723c751e8b465ee728b)  -> (artifact id: '1c8ecb214fcfdd008bf9659c4851d34b') in 0.033630 seconds 
  Import took 0.037956 seconds .

========================================================================
Received Import Request.
  Time since last request: 0.000175 seconds.
  path: Assets/Traffic Essentials Asset Pack 1/Meshes/OneWaySign.fbx
  artifactKey: Guid(fcd9a14fe3cdb234c962378b26cdccab) Importer(815301076,1909f56bfc062723c751e8b465ee728b)
Start importing Assets/Traffic Essentials Asset Pack 1/Meshes/OneWaySign.fbx using Guid(fcd9a14fe3cdb234c962378b26cdccab) Importer(815301076,1909f56bfc062723c751e8b465ee728b)  -> (artifact id: '0d4505fc4800def3660ee0788ba73da4') in 0.095627 seconds 
  Import took 0.099035 seconds .

========================================================================
Received Import Request.
  Time since last request: 0.000183 seconds.
  path: Assets/CityResources/city/POLYGON city pack/Meshes,textures/Shops_FBX/Materials/Sign_01.mat
  artifactKey: Guid(07746d192a3be8c42840e281ca0cd1a8) Importer(815301076,1909f56bfc062723c751e8b465ee728b)
Start importing Assets/CityResources/city/POLYGON city pack/Meshes,textures/Shops_FBX/Materials/Sign_01.mat using Guid(07746d192a3be8c42840e281ca0cd1a8) Importer(815301076,1909f56bfc062723c751e8b465ee728b)  -> (artifact id: 'cc782be51306d63f4ef160123d58be92') in 0.017975 seconds 
  Import took 0.021449 seconds .

========================================================================
Received Import Request.
  Time since last request: 0.000198 seconds.
  path: Assets/CS - Signs Free/Prefabs/Small/Sign_Added_Lane.prefab
  artifactKey: Guid(dd559d6b30b24e74f9fb9a3f70c0b60e) Importer(815301076,1909f56bfc062723c751e8b465ee728b)
Start importing Assets/CS - Signs Free/Prefabs/Small/Sign_Added_Lane.prefab using Guid(dd559d6b30b24e74f9fb9a3f70c0b60e) Importer(815301076,1909f56bfc062723c751e8b465ee728b)  -> (artifact id: 'b997d8316d2c6f85484cb4d0693d04c2') in 0.038687 seconds 
  Import took 0.043536 seconds .

========================================================================
Received Import Request.
  Time since last request: 0.000206 seconds.
  path: Assets/CityResources/Skyline Volume 1/Models/Materials/Sign_BikelaneMat.mat
  artifactKey: Guid(939429b788c82d144bffdaf2b09652cf) Importer(815301076,1909f56bfc062723c751e8b465ee728b)
Start importing Assets/CityResources/Skyline Volume 1/Models/Materials/Sign_BikelaneMat.mat using Guid(939429b788c82d144bffdaf2b09652cf) Importer(815301076,1909f56bfc062723c751e8b465ee728b)  -> (artifact id: '9e245e268caa4c128a4d7e5eb65185b6') in 0.020678 seconds 
  Import took 0.028399 seconds .

========================================================================
Received Import Request.
  Time since last request: 0.000176 seconds.
  path: Assets/CS - Signs Free/Prefabs/Small/Sign_Center_Lane_Turn_Only.prefab
  artifactKey: Guid(783ae1ccba841764c9080f4783d801a7) Importer(815301076,1909f56bfc062723c751e8b465ee728b)
Start importing Assets/CS - Signs Free/Prefabs/Small/Sign_Center_Lane_Turn_Only.prefab using Guid(783ae1ccba841764c9080f4783d801a7) Importer(815301076,1909f56bfc062723c751e8b465ee728b)  -> (artifact id: '9525b411ed1e5484317e6b531dd39276') in 0.034118 seconds 
  Import took 0.038843 seconds .

========================================================================
Received Import Request.
  Time since last request: 0.000447 seconds.
  path: Assets/CS - Signs Free/Prefabs/Small/Sign_Added_Lane_2.prefab
  artifactKey: Guid(a8edcd3fd0f1aa8488c2bdbb3707b576) Importer(815301076,1909f56bfc062723c751e8b465ee728b)
Start importing Assets/CS - Signs Free/Prefabs/Small/Sign_Added_Lane_2.prefab using Guid(a8edcd3fd0f1aa8488c2bdbb3707b576) Importer(815301076,1909f56bfc062723c751e8b465ee728b)  -> (artifact id: '3eca959cd71fa7b04946f273ede8056f') in 0.024597 seconds 
  Import took 0.031432 seconds .

========================================================================
Received Import Request.
  Time since last request: 0.000179 seconds.
  path: Assets/CityResources/Skyline Volume 1/Models/Materials/Overheadsign_MergeMat.mat
  artifactKey: Guid(7887b5298eea07645b20904ae4de8d9c) Importer(815301076,1909f56bfc062723c751e8b465ee728b)
Start importing Assets/CityResources/Skyline Volume 1/Models/Materials/Overheadsign_MergeMat.mat using Guid(7887b5298eea07645b20904ae4de8d9c) Importer(815301076,1909f56bfc062723c751e8b465ee728b)  -> (artifact id: '34bc5128aa4ef52541f1f081d8c7b2dd') in 0.024786 seconds 
  Import took 0.029163 seconds .

========================================================================
Received Import Request.
  Time since last request: 0.000201 seconds.
  path: Assets/Traffic Essentials Asset Pack/Meshes/OneWaySign.fbx
  artifactKey: Guid(aaf7d70ac9f0448e1b074c8f7e8cd5c5) Importer(815301076,1909f56bfc062723c751e8b465ee728b)
Start importing Assets/Traffic Essentials Asset Pack/Meshes/OneWaySign.fbx using Guid(aaf7d70ac9f0448e1b074c8f7e8cd5c5) Importer(815301076,1909f56bfc062723c751e8b465ee728b)  -> (artifact id: '4ced231386ab91d676b99326bc16e439') in 0.086644 seconds 
  Import took 0.090243 seconds .

========================================================================
Received Import Request.
  Time since last request: 0.000179 seconds.
  path: Assets/CityResources/Skyline Volume 1/Models/Materials/Sign_AirportMat.mat
  artifactKey: Guid(32f7924f0ecdc174f8fb2e61a0057c84) Importer(815301076,1909f56bfc062723c751e8b465ee728b)
Start importing Assets/CityResources/Skyline Volume 1/Models/Materials/Sign_AirportMat.mat using Guid(32f7924f0ecdc174f8fb2e61a0057c84) Importer(815301076,1909f56bfc062723c751e8b465ee728b)  -> (artifact id: '469ab0df36e4febebf187d37d2c57e62') in 0.018687 seconds 
  Import took 0.022197 seconds .

========================================================================
Received Import Request.
  Time since last request: 1.688841 seconds.
  path: Assets/CS - Signs Free/Prefabs/Small/Sign_Left_Turn_Only.prefab
  artifactKey: Guid(1bd4dcedf1bd78b49b44bbd925882374) Importer(815301076,1909f56bfc062723c751e8b465ee728b)
Start importing Assets/CS - Signs Free/Prefabs/Small/Sign_Left_Turn_Only.prefab using Guid(1bd4dcedf1bd78b49b44bbd925882374) Importer(815301076,1909f56bfc062723c751e8b465ee728b)  -> (artifact id: '35a35efc2f621133115ce0051bc94a8a') in 0.029413 seconds 
  Import took 0.033173 seconds .

========================================================================
Received Import Request.
  Time since last request: 0.000256 seconds.
  path: Assets/CS - Signs Free/Prefabs/Small/Sign_Left_Turn_Yield_On_Green.prefab
  artifactKey: Guid(89563ec33d60aff4ea4e2b936161fc8f) Importer(815301076,1909f56bfc062723c751e8b465ee728b)
Start importing Assets/CS - Signs Free/Prefabs/Small/Sign_Left_Turn_Yield_On_Green.prefab using Guid(89563ec33d60aff4ea4e2b936161fc8f) Importer(815301076,1909f56bfc062723c751e8b465ee728b)  -> (artifact id: '12bcfa39a01ab2405eacf6c123b5dd51') in 0.023957 seconds 
  Import took 0.027629 seconds .

========================================================================
Received Import Request.
  Time since last request: 31.504246 seconds.
  path: Packages/com.unity.collab-proxy/Editor/PlasticSCM/Assets/Images/buttonssosigninemail.png
  artifactKey: Guid(d24e7e0b75e1a244bb9687d6fd4315ef) Importer(815301076,1909f56bfc062723c751e8b465ee728b)
Start importing Packages/com.unity.collab-proxy/Editor/PlasticSCM/Assets/Images/buttonssosigninemail.png using Guid(d24e7e0b75e1a244bb9687d6fd4315ef) Importer(815301076,1909f56bfc062723c751e8b465ee728b)  -> (artifact id: '7826b7d39b28574a8171104e8f5ee8a9') in 0.023674 seconds 
  Import took 0.029422 seconds .

========================================================================
Received Import Request.
  Time since last request: 0.000182 seconds.
  path: Packages/com.unity.collab-proxy/Editor/PlasticSCM/Assets/Images/d_buttonssosigninemail.png
  artifactKey: Guid(3086d66a563317b40a20a20da2c64ac0) Importer(815301076,1909f56bfc062723c751e8b465ee728b)
Start importing Packages/com.unity.collab-proxy/Editor/PlasticSCM/Assets/Images/d_buttonssosigninemail.png using Guid(3086d66a563317b40a20a20da2c64ac0) Importer(815301076,1909f56bfc062723c751e8b465ee728b)  -> (artifact id: 'ec68dd9a9a064357ee424dfeeaf50d41') in 0.022029 seconds 
  Import took 0.025713 seconds .

========================================================================
Received Import Request.
  Time since last request: 0.000288 seconds.
  path: Packages/com.unity.collab-proxy/Editor/PlasticSCM/Assets/Images/d_buttonssosigninemail@2x.png
  artifactKey: Guid(144aa74618b85974a9a50f612c2fa8fd) Importer(815301076,1909f56bfc062723c751e8b465ee728b)
Start importing Packages/com.unity.collab-proxy/Editor/PlasticSCM/Assets/Images/d_buttonssosigninemail@2x.png using Guid(144aa74618b85974a9a50f612c2fa8fd) Importer(815301076,1909f56bfc062723c751e8b465ee728b)  -> (artifact id: '95679576445860e3adaf667e3dd7f018') in 0.025712 seconds 
  Import took 0.029234 seconds .

========================================================================
Received Import Request.
  Time since last request: 0.000275 seconds.
  path: Packages/com.unity.timeline/Editor/StyleSheets/Images/DarkSkin/TimelineSignalSelected.png
  artifactKey: Guid(a5e21f4e466690645980dd0cf0b664bc) Importer(815301076,1909f56bfc062723c751e8b465ee728b)
Start importing Packages/com.unity.timeline/Editor/StyleSheets/Images/DarkSkin/TimelineSignalSelected.png using Guid(a5e21f4e466690645980dd0cf0b664bc) Importer(815301076,1909f56bfc062723c751e8b465ee728b)  -> (artifact id: 'c8efae082056736112813a6198a849a0') in 0.062005 seconds 
  Import took 0.066232 seconds .

========================================================================
Received Import Request.
  Time since last request: 0.000194 seconds.
  path: Packages/com.unity.collab-proxy/Editor/PlasticSCM/Assets/Styles/SSOSignUpPanel.uss
  artifactKey: Guid(3337338cbeb79a24cba584de64190044) Importer(815301076,1909f56bfc062723c751e8b465ee728b)
Start importing Packages/com.unity.collab-proxy/Editor/PlasticSCM/Assets/Styles/SSOSignUpPanel.uss using Guid(3337338cbeb79a24cba584de64190044) Importer(815301076,1909f56bfc062723c751e8b465ee728b)  -> (artifact id: 'e312d1acb1078db24e8ab8497a0669ed') in 0.015986 seconds 
  Import took 0.021998 seconds .

========================================================================
Received Import Request.
  Time since last request: 0.000181 seconds.
  path: Packages/com.unity.timeline/Editor/StyleSheets/Images/DarkSkin/TimelineSignalCollapsed.png
  artifactKey: Guid(d91793cd853a258448e4d5545bb38e45) Importer(815301076,1909f56bfc062723c751e8b465ee728b)
Start importing Packages/com.unity.timeline/Editor/StyleSheets/Images/DarkSkin/TimelineSignalCollapsed.png using Guid(d91793cd853a258448e4d5545bb38e45) Importer(815301076,1909f56bfc062723c751e8b465ee728b)  -> (artifact id: '3a483035693f65341ccd89f27332765b') in 0.028985 seconds 
  Import took 0.032836 seconds .

========================================================================
Received Import Request.
  Time since last request: 0.000183 seconds.
  path: Packages/com.unity.timeline/Editor/StyleSheets/Images/Icons/d_TimelineSignal.png
  artifactKey: Guid(ad2e3e92b00839c4e991ca602ef19822) Importer(815301076,1909f56bfc062723c751e8b465ee728b)
Start importing Packages/com.unity.timeline/Editor/StyleSheets/Images/Icons/d_TimelineSignal.png using Guid(ad2e3e92b00839c4e991ca602ef19822) Importer(815301076,1909f56bfc062723c751e8b465ee728b)  -> (artifact id: '32ab63ca8b655c328db941a98766fa2e') in 0.054582 seconds 
  Import took 0.058547 seconds .

========================================================================
Received Import Request.
  Time since last request: 0.000200 seconds.
  path: Packages/com.unity.collab-proxy/Editor/PlasticSCM/Assets/Layouts/SignInPanel.uxml
  artifactKey: Guid(18b097dd2d10fb442a321314f4541401) Importer(815301076,1909f56bfc062723c751e8b465ee728b)
Start importing Packages/com.unity.collab-proxy/Editor/PlasticSCM/Assets/Layouts/SignInPanel.uxml using Guid(18b097dd2d10fb442a321314f4541401) Importer(815301076,1909f56bfc062723c751e8b465ee728b)  -> (artifact id: '0326307df01c4d2cb4bd1f963e472e72') in 0.016706 seconds 
  Import took 0.020274 seconds .

========================================================================
Received Import Request.
  Time since last request: 0.000178 seconds.
  path: Packages/com.unity.collab-proxy/Editor/PlasticSCM/Assets/Styles/SignInSignUp.uss
  artifactKey: Guid(e29c9d2208f5c2a48a15e02f3fc55a4a) Importer(815301076,1909f56bfc062723c751e8b465ee728b)
Start importing Packages/com.unity.collab-proxy/Editor/PlasticSCM/Assets/Styles/SignInSignUp.uss using Guid(e29c9d2208f5c2a48a15e02f3fc55a4a) Importer(815301076,1909f56bfc062723c751e8b465ee728b)  -> (artifact id: '1e0c685db6dd8e9d341a7e30beeb38ea') in 0.008924 seconds 
  Import took 0.012332 seconds .

========================================================================
Received Import Request.
  Time since last request: 0.000182 seconds.
  path: Packages/com.unity.timeline/Editor/StyleSheets/Images/LightSkin/TimelineSignalCollapsed.png
  artifactKey: Guid(a88fa20ed164bbe4da6bf533f94a3113) Importer(815301076,1909f56bfc062723c751e8b465ee728b)
Start importing Packages/com.unity.timeline/Editor/StyleSheets/Images/LightSkin/TimelineSignalCollapsed.png using Guid(a88fa20ed164bbe4da6bf533f94a3113) Importer(815301076,1909f56bfc062723c751e8b465ee728b)  -> (artifact id: '84e7aa4e91f5f7de280c563ef2cf416d') in 0.028360 seconds 
  Import took 0.033503 seconds .

========================================================================
Received Import Request.
  Time since last request: 0.000153 seconds.
  path: Packages/com.unity.collab-proxy/Editor/PlasticSCM/Assets/Styles/WaitingSignInPanel.uss
  artifactKey: Guid(90945345530e7174eb4f0575a0bec0bf) Importer(815301076,1909f56bfc062723c751e8b465ee728b)
Start importing Packages/com.unity.collab-proxy/Editor/PlasticSCM/Assets/Styles/WaitingSignInPanel.uss using Guid(90945345530e7174eb4f0575a0bec0bf) Importer(815301076,1909f56bfc062723c751e8b465ee728b)  -> (artifact id: '8a1169a4aefa8c4b27c074d0b489bc94') in 0.017410 seconds 
  Import took 0.021101 seconds .

========================================================================
Received Import Request.
  Time since last request: 0.000177 seconds.
  path: Packages/com.unity.collab-proxy/Editor/PlasticSCM/Assets/Images/buttonssosigninunity.png
  artifactKey: Guid(f9161c6c9e06dc445ada3ee16d991f90) Importer(815301076,1909f56bfc062723c751e8b465ee728b)
Start importing Packages/com.unity.collab-proxy/Editor/PlasticSCM/Assets/Images/buttonssosigninunity.png using Guid(f9161c6c9e06dc445ada3ee16d991f90) Importer(815301076,1909f56bfc062723c751e8b465ee728b)  -> (artifact id: '96525140c3f775f0bee669d531a1e572') in 0.022266 seconds 
  Import took 0.026376 seconds .

========================================================================
Received Import Request.
  Time since last request: 0.000175 seconds.
  path: Packages/com.unity.collab-proxy/Editor/PlasticSCM/Assets/Layouts/WaitingSignInPanel.uxml
  artifactKey: Guid(913c727eecab25c489fa2adbad9c9ab8) Importer(815301076,1909f56bfc062723c751e8b465ee728b)
Start importing Packages/com.unity.collab-proxy/Editor/PlasticSCM/Assets/Layouts/WaitingSignInPanel.uxml using Guid(913c727eecab25c489fa2adbad9c9ab8) Importer(815301076,1909f56bfc062723c751e8b465ee728b)  -> (artifact id: 'bb2b5c28effbc37862d68efce3de1f2e') in 0.003902 seconds 
  Import took 0.007632 seconds .

========================================================================
Received Import Request.
  Time since last request: 0.000185 seconds.
  path: Packages/com.unity.collab-proxy/Editor/PlasticSCM/Assets/Images/buttonssosigninemail@2x.png
  artifactKey: Guid(ddf2e76e8a1f88f46ae1e42277850b48) Importer(815301076,1909f56bfc062723c751e8b465ee728b)
Start importing Packages/com.unity.collab-proxy/Editor/PlasticSCM/Assets/Images/buttonssosigninemail@2x.png using Guid(ddf2e76e8a1f88f46ae1e42277850b48) Importer(815301076,1909f56bfc062723c751e8b465ee728b)  -> (artifact id: '93782f015f29ba1f410d431768780f2f') in 0.023801 seconds 
  Import took 0.027736 seconds .

========================================================================
Received Import Request.
  Time since last request: 0.000193 seconds.
  path: Packages/com.unity.collab-proxy/Editor/PlasticSCM/Assets/Styles/SignInPanel.uss
  artifactKey: Guid(c673e4e20ea67ab40a4661592f51aa99) Importer(815301076,1909f56bfc062723c751e8b465ee728b)
Start importing Packages/com.unity.collab-proxy/Editor/PlasticSCM/Assets/Styles/SignInPanel.uss using Guid(c673e4e20ea67ab40a4661592f51aa99) Importer(815301076,1909f56bfc062723c751e8b465ee728b)  -> (artifact id: '2038024ebd8899fbbaad282214ed5c3c') in 0.007144 seconds 
  Import took 0.012611 seconds .

========================================================================
Received Import Request.
  Time since last request: 0.000099 seconds.
  path: Packages/com.unity.collab-proxy/Editor/PlasticSCM/Assets/Layouts/SignInWithEmailPanel.uxml
  artifactKey: Guid(0229db2477529f049aa3683cfba9d23b) Importer(815301076,1909f56bfc062723c751e8b465ee728b)
Start importing Packages/com.unity.collab-proxy/Editor/PlasticSCM/Assets/Layouts/SignInWithEmailPanel.uxml using Guid(0229db2477529f049aa3683cfba9d23b) Importer(815301076,1909f56bfc062723c751e8b465ee728b)  -> (artifact id: '0478ab9cc109b2a48122175353707da0') in 0.008292 seconds 
  Import took 0.012373 seconds .

========================================================================
Received Import Request.
  Time since last request: 0.000192 seconds.
  path: Packages/com.unity.collab-proxy/Editor/PlasticSCM/Assets/Images/buttonssosigninemail@2x.png
  artifactKey: Guid(ddf2e76e8a1f88f46ae1e42277850b48) Importer(815301076,1909f56bfc062723c751e8b465ee728b)
Start importing Packages/com.unity.collab-proxy/Editor/PlasticSCM/Assets/Images/buttonssosigninemail@2x.png using Guid(ddf2e76e8a1f88f46ae1e42277850b48) Importer(815301076,1909f56bfc062723c751e8b465ee728b)  -> (artifact id: '93782f015f29ba1f410d431768780f2f') in 0.013231 seconds 
  Import took 0.017377 seconds .

========================================================================
Received Import Request.
  Time since last request: 0.000180 seconds.
  path: Packages/com.unity.timeline/Editor/StyleSheets/Images/LightSkin/TimelineSignalSelected.png
  artifactKey: Guid(1a7852b1b33b816498b6af1e739f5995) Importer(815301076,1909f56bfc062723c751e8b465ee728b)
Start importing Packages/com.unity.timeline/Editor/StyleSheets/Images/LightSkin/TimelineSignalSelected.png using Guid(1a7852b1b33b816498b6af1e739f5995) Importer(815301076,1909f56bfc062723c751e8b465ee728b)  -> (artifact id: 'd8f60409d8e175673850920ea05b5e02') in 0.016494 seconds 
  Import took 0.020499 seconds .

========================================================================
Received Import Request.
  Time since last request: 0.000163 seconds.
  path: Packages/com.unity.collab-proxy/Editor/PlasticSCM/Assets/Layouts/SSOSignUpPanel.uxml
  artifactKey: Guid(6dac85d7b8e76424ab582326c2cb5531) Importer(815301076,1909f56bfc062723c751e8b465ee728b)
Start importing Packages/com.unity.collab-proxy/Editor/PlasticSCM/Assets/Layouts/SSOSignUpPanel.uxml using Guid(6dac85d7b8e76424ab582326c2cb5531) Importer(815301076,1909f56bfc062723c751e8b465ee728b)  -> (artifact id: '0cde2cf2595e2cd6723263107f06e422') in 0.004978 seconds 
  Import took 0.008342 seconds .

========================================================================
Received Import Request.
  Time since last request: 0.000188 seconds.
  path: Packages/com.unity.collab-proxy/Editor/PlasticSCM/Assets/Styles/SignInWithEmailPanel.uss
  artifactKey: Guid(b37675bc656348c429a6c56b2eda1345) Importer(815301076,1909f56bfc062723c751e8b465ee728b)
Start importing Packages/com.unity.collab-proxy/Editor/PlasticSCM/Assets/Styles/SignInWithEmailPanel.uss using Guid(b37675bc656348c429a6c56b2eda1345) Importer(815301076,1909f56bfc062723c751e8b465ee728b)  -> (artifact id: 'edaa072198b0fb9ca50bd3ce7a449844') in 0.003024 seconds 
  Import took 0.007004 seconds .

========================================================================
Received Import Request.
  Time since last request: 0.000304 seconds.
  path: Packages/com.unity.timeline/Editor/StyleSheets/Images/Icons/TimelineSignal.png
  artifactKey: Guid(15845fb26c2846947b4dedb9fb348cc1) Importer(815301076,1909f56bfc062723c751e8b465ee728b)
Start importing Packages/com.unity.timeline/Editor/StyleSheets/Images/Icons/TimelineSignal.png using Guid(15845fb26c2846947b4dedb9fb348cc1) Importer(815301076,1909f56bfc062723c751e8b465ee728b)  -> (artifact id: '505bcbf685effa4dee294fb4976b816b') in 0.020297 seconds 
  Import took 0.024001 seconds .

========================================================================
Received Import Request.
  Time since last request: 0.000079 seconds.
  path: Packages/com.unity.collab-proxy/Editor/PlasticSCM/Assets/Images/buttonssosigningoogle.png
  artifactKey: Guid(f09eae8c0ea04254b90c5386a034a225) Importer(815301076,1909f56bfc062723c751e8b465ee728b)
Start importing Packages/com.unity.collab-proxy/Editor/PlasticSCM/Assets/Images/buttonssosigningoogle.png using Guid(f09eae8c0ea04254b90c5386a034a225) Importer(815301076,1909f56bfc062723c751e8b465ee728b)  -> (artifact id: 'ed9ef49953f1cff1ccd3ee108a756048') in 0.023698 seconds 
  Import took 0.027393 seconds .

========================================================================
Received Import Request.
  Time since last request: 0.017843 seconds.
  path: Packages/com.unity.collab-proxy/Editor/PlasticSCM/Assets/Images/buttonssosigningoogle.png
  artifactKey: Guid(f09eae8c0ea04254b90c5386a034a225) Importer(815301076,1909f56bfc062723c751e8b465ee728b)
Start importing Packages/com.unity.collab-proxy/Editor/PlasticSCM/Assets/Images/buttonssosigningoogle.png using Guid(f09eae8c0ea04254b90c5386a034a225) Importer(815301076,1909f56bfc062723c751e8b465ee728b)  -> (artifact id: 'ed9ef49953f1cff1ccd3ee108a756048') in 0.009728 seconds 
  Import took 0.013937 seconds .

========================================================================
Received Import Request.
  Time since last request: 90.729151 seconds.
  path: Assets/Scenes/Level 5 J.unity
  artifactKey: Guid(a2889ce358131244088b0805f023a556) Importer(815301076,1909f56bfc062723c751e8b465ee728b)
Start importing Assets/Scenes/Level 5 J.unity using Guid(a2889ce358131244088b0805f023a556) Importer(815301076,1909f56bfc062723c751e8b465ee728b)  -> (artifact id: '505332293295c17859c653d15a4e9b17') in 0.012337 seconds 
  Import took 0.016793 seconds .

========================================================================
Received Import Request.
  Time since last request: 227.945671 seconds.
  path: Assets/CS - Signs Free/Textures/Uphill_Sign.png
  artifactKey: Guid(11980fa9500baf444a049dbdeba4c8a7) Importer(815301076,1909f56bfc062723c751e8b465ee728b)
Start importing Assets/CS - Signs Free/Textures/Uphill_Sign.png using Guid(11980fa9500baf444a049dbdeba4c8a7) Importer(815301076,1909f56bfc062723c751e8b465ee728b)  -> (artifact id: 'd31c59e927126008a4635973e9d02993') in 0.026565 seconds 
  Import took 0.031033 seconds .

========================================================================
Received Import Request.
  Time since last request: 0.004491 seconds.
  path: Assets/CS - Signs Free/Textures/Uphill_Sign.png
  artifactKey: Guid(11980fa9500baf444a049dbdeba4c8a7) Importer(815301076,1909f56bfc062723c751e8b465ee728b)
Start importing Assets/CS - Signs Free/Textures/Uphill_Sign.png using Guid(11980fa9500baf444a049dbdeba4c8a7) Importer(815301076,1909f56bfc062723c751e8b465ee728b)  -> (artifact id: 'd31c59e927126008a4635973e9d02993') in 0.025717 seconds 
  Import took 0.030434 seconds .

========================================================================
Received Import Request.
  Time since last request: 177.057906 seconds.
  path: Assets/CS - Signs Free/Textures/Downhill_Sign.png
  artifactKey: Guid(e3a778cf3d5d39a408261a10d8e1d7f5) Importer(815301076,1909f56bfc062723c751e8b465ee728b)
Start importing Assets/CS - Signs Free/Textures/Downhill_Sign.png using Guid(e3a778cf3d5d39a408261a10d8e1d7f5) Importer(815301076,1909f56bfc062723c751e8b465ee728b)  -> (artifact id: 'd3d5ac4093b1290c9e1d2ba6733d0109') in 0.023555 seconds 
  Import took 0.027082 seconds .

========================================================================
Received Import Request.
  Time since last request: 0.000460 seconds.
  path: Assets/CS - Signs Free/Textures/Downhill_Sign.png
  artifactKey: Guid(e3a778cf3d5d39a408261a10d8e1d7f5) Importer(815301076,1909f56bfc062723c751e8b465ee728b)
Start importing Assets/CS - Signs Free/Textures/Downhill_Sign.png using Guid(e3a778cf3d5d39a408261a10d8e1d7f5) Importer(815301076,1909f56bfc062723c751e8b465ee728b)  -> (artifact id: 'd3d5ac4093b1290c9e1d2ba6733d0109') in 0.069536 seconds 
  Import took 0.072765 seconds .

========================================================================
Received Import Request.
  Time since last request: 514.316264 seconds.
  path: Assets/CS - Signs Free/Textures/No_Horn.png
  artifactKey: Guid(182de546d61d0c642bd11619fa54cfe6) Importer(815301076,1909f56bfc062723c751e8b465ee728b)
Start importing Assets/CS - Signs Free/Textures/No_Horn.png using Guid(182de546d61d0c642bd11619fa54cfe6) Importer(815301076,1909f56bfc062723c751e8b465ee728b)  -> (artifact id: 'd9322a1fd4a0ceade0371fc1b1459920') in 0.062265 seconds 
  Import took 0.066845 seconds .

========================================================================
Received Prepare
Registering precompiled user dll's ...
Registered in 0.006421 seconds.
Begin MonoManager ReloadAssembly
Native extension for WindowsStandalone target not found
Refreshing native plugins compatible for Editor in 1.26 ms, found 5 plugins.
Preloading 0 native plugins for Editor in 0.00 ms.
Mono: successfully reloaded assembly
- Completed reload, in  1.374 seconds
Domain Reload Profiling:
	ReloadAssembly (1374ms)
		BeginReloadAssembly (114ms)
			ExecutionOrderSort (0ms)
			DisableScriptedObjects (4ms)
			BackupInstance (0ms)
			ReleaseScriptingObjects (0ms)
			CreateAndSetChildDomain (37ms)
		EndReloadAssembly (1198ms)
			LoadAssemblies (86ms)
			RebuildTransferFunctionScriptingTraits (0ms)
			SetupTypeCache (500ms)
			ReleaseScriptCaches (1ms)
			RebuildScriptCaches (40ms)
			SetupLoadedEditorAssemblies (395ms)
				LogAssemblyErrors (0ms)
				InitializePlatformSupportModulesInManaged (12ms)
				SetLoadedEditorAssemblies (1ms)
				RefreshPlugins (1ms)
				BeforeProcessingInitializeOnLoad (70ms)
				ProcessInitializeOnLoadAttributes (301ms)
				ProcessInitializeOnLoadMethodAttributes (4ms)
				AfterProcessingInitializeOnLoad (5ms)
				EditorAssembliesLoaded (0ms)
			ExecutionOrderSort2 (0ms)
			AwakeInstancesAfterBackupRestoration (6ms)
Platform modules already initialized, skipping
Switching build target platform(19) subTarget(0) extendedPlatform(0) -> platform(13) subTarget(65536) extendedPlatform(0)
Refreshing native plugins compatible for Editor in 1.23 ms, found 5 plugins.
Preloading 0 native plugins for Editor in 0.00 ms.
Unloading 1791 Unused Serialized files (Serialized files now loaded: 0)
System memory in use before: 110.2 MB.
System memory in use after: 109.8 MB.

Unloading 26 unused Assets to reduce memory usage. Loaded Objects now: 2463.
Total: 4.803600 ms (FindLiveObjects: 0.221100 ms CreateObjectMapping: 0.086100 ms MarkObjects: 4.234200 ms  DeleteObjects: 0.260800 ms)

AssetImportParameters requested are different than current active one (requested -> active):
  custom:framework-win-MediaFoundation: 216162199b28c13a410421893ffa2e32 -> 
  custom:video-decoder-ogg-theora: a1e56fd34408186e4bbccfd4996cb3dc -> 
  custom:container-muxer-webm: aa71ff27fc2769a1b78a27578f13a17b -> 
  custom:container-demuxer-webm: 4f35f7cbe854078d1ac9338744f61a02 -> 
  custom:container-demuxer-ogg: 62fdf1f143b41e24485cea50d1cbac27 -> 
  custom:video-encoder-webm-vp8: eb34c28f22e8b96e1ab97ce403110664 -> 
  custom:video-decoder-webm-vp8: 9c59270c3fd7afecdb556c50c9e8de78 -> 
  custom:graphics/normal-map-encoding: 01000000000000000000000000000000 -> 02000000000000000000000000000000
  custom:audio-decoder-ogg-vorbis: bf7c407c2cedff20999df2af8eb42d56 -> 
  custom:audio-encoder-webm-vorbis: bf7c407c2cedff20999df2af8eb42d56 -> 
